<?xml version="1.0" encoding="UTF-8"?>
<!-- Generated by org.testng.reporters.JUnitReportReporter -->
<testsuite hostname="Ashwani_Singh" name="cucumberOption.TestRunner" tests="3" failures="0" timestamp="13 Aug 2019 16:52:09 GMT" time="244.957" errors="0">
  <testcase name="feature" time="86.655" classname="cucumberOption.TestRunner"/>
  <testcase name="feature" time="100.043" classname="cucumberOption.TestRunner"/>
  <testcase name="feature" time="58.259" classname="cucumberOption.TestRunner"/>
</testsuite> <!-- cucumberOption.TestRunner -->
